<?xml version="1.0" encoding="UTF-8"?>
<!-- Generated by org.testng.reporters.JUnitXMLReporter -->
<testsuite hostname="DESKTOP-8B96U45" ignored="0" name="TestOnChrome" tests="3" failures="1" timestamp="2020-06-18T18:14:05 IST" time="20.215" errors="0">
  <testcase name="browserLaunch" time="12.261" classname="script.LoginPage"/>
  <testcase name="Login" time="7.906" classname="script.LoginPage"/>
  <testcase name="Logout" time="0.004" classname="script.LogoutPage">
    <failure type="java.lang.NullPointerException">
      <![CDATA[java.lang.NullPointerException
at script.LogoutPage.Logout(LogoutPage.java:11)
at java.util.ArrayList.forEach(ArrayList.java:1257)
at java.util.concurrent.FutureTask.run(FutureTask.java:266)
at java.util.concurrent.ThreadPoolExecutor.runWorker(ThreadPoolExecutor.java:1149)
at java.util.concurrent.ThreadPoolExecutor$Worker.run(ThreadPoolExecutor.java:624)
at java.lang.Thread.run(Thread.java:748)
... Removed 18 stack frames]]>
    </failure>
  </testcase> <!-- Logout -->
</testsuite> <!-- TestOnChrome -->
